
=== New Monitor Session at 1770304994 ===

=== New Monitor Session at 1770305260 ===

========================================
[VIOLATION #1]
Timestamp: 1770305260
Event #20 in Session #0
========================================

[MONITOR] *** VIOLATION #1 *** (1 rule(s), event #20, session #0)
 - Rule #2: H(!(timeout==false & resp_malformed==false & connection_closed==false & quit_sent==false & user_logged_in==false & ftp_command==cmdRETR | ftp_command==cmdSTOR | ftp_command==cmdDELE | ftp_command==cmdRNFR | ftp_command==cmdRNTO & ftp_status_class==scSuccess))
Violation context [ftp]: auth_state=authFailed reinit_sent=false quit_sent=false session_initialized=false resp_malformed=true timeout=false cmd_malformed=false user_logged_in=false login_failed=true data_connection_open=false rnto_sent=false transfer_started=false file_size=0 transfer_complete=false rest_position=0 transfer_in_progress=false sequence_number=20 port_sent=false port_number=0 resp_code=222 connection_closed=true data_state=dataNotSet ftp_status_class=scSuccess retr_sent=false port_accepted=false ftp_command=cmdPASS user_sent=true transfer_aborted=false pass_sent=true pasv_sent=false transfer_type=typeNotSet pasv_response_received=false rnfr_sent=false stor_sent=false login_successful=true rnfr_accepted=false 

=== New Monitor Session at 1770305341 ===

========================================
[VIOLATION #1]
Timestamp: 1770305341
Event #20 in Session #0
========================================

[MONITOR] *** VIOLATION #1 *** (1 rule(s), event #20, session #0)
 - Rule #1: <unknown property>
Violation context [ftp]: auth_state=authFailed reinit_sent=false quit_sent=false session_initialized=false resp_malformed=false timeout=false cmd_malformed=false user_logged_in=false login_failed=true data_connection_open=false rnto_sent=false transfer_started=false file_size=0 transfer_complete=false rest_position=0 transfer_in_progress=false sequence_number=20 port_sent=false port_number=0 resp_code=227 connection_closed=false data_state=dataNotSet ftp_status_class=scSuccess retr_sent=false port_accepted=false ftp_command=cmdNotSet user_sent=false transfer_aborted=false pass_sent=true pasv_sent=false transfer_type=typeNotSet pasv_response_received=true rnfr_sent=false stor_sent=false login_successful=false rnfr_accepted=false 

=== New Monitor Session at 1770305729 ===

========================================
[VIOLATION #1]
Timestamp: 1770305729
Event #6 in Session #0
========================================

[MONITOR] *** VIOLATION #1 *** (1 rule(s), event #6, session #0)
 - Rule #0: <unknown property>
Violation context [ftp]: auth_state=authNone reinit_sent=false quit_sent=false session_initialized=false resp_malformed=false timeout=false cmd_malformed=false user_logged_in=false login_failed=false data_connection_open=false rnto_sent=false transfer_started=false file_size=0 transfer_complete=false rest_position=0 transfer_in_progress=false sequence_number=6 port_sent=true port_number=0 resp_code=200 connection_closed=false data_state=dataPORT ftp_status_class=scSuccess retr_sent=false port_accepted=true ftp_command=cmdPORT user_sent=false transfer_aborted=false pass_sent=false pasv_sent=false transfer_type=typeNotSet pasv_response_received=false rnfr_sent=false stor_sent=false login_successful=false rnfr_accepted=false 

========================================
[VIOLATION #2]
Timestamp: 1770305729
Event #8 in Session #0
========================================

[MONITOR] *** VIOLATION #2 *** (1 rule(s), event #8, session #0)
 - Rule #0: <unknown property>
Violation context [ftp]: auth_state=authNone reinit_sent=false quit_sent=false session_initialized=false resp_malformed=false timeout=false cmd_malformed=false user_logged_in=false login_failed=false data_connection_open=true rnto_sent=false transfer_started=true file_size=0 transfer_complete=false rest_position=0 transfer_in_progress=true sequence_number=8 port_sent=true port_number=0 resp_code=150 connection_closed=false data_state=dataActive ftp_status_class=scPreliminary retr_sent=false port_accepted=true ftp_command=cmdLIST user_sent=false transfer_aborted=false pass_sent=false pasv_sent=false transfer_type=typeNotSet pasv_response_received=false rnfr_sent=false stor_sent=false login_successful=false rnfr_accepted=false 

========================================
[VIOLATION #3]
Timestamp: 1770305729
Event #10 in Session #0
========================================

[MONITOR] *** VIOLATION #3 *** (1 rule(s), event #10, session #0)
 - Rule #0: <unknown property>
Violation context [ftp]: auth_state=authNone reinit_sent=false quit_sent=false session_initialized=false resp_malformed=false timeout=false cmd_malformed=false user_logged_in=false login_failed=false data_connection_open=true rnto_sent=false transfer_started=true file_size=0 transfer_complete=false rest_position=0 transfer_in_progress=true sequence_number=10 port_sent=true port_number=0 resp_code=451 connection_closed=false data_state=dataActive ftp_status_class=scTransientError retr_sent=false port_accepted=true ftp_command=cmdNotSet user_sent=false transfer_aborted=false pass_sent=false pasv_sent=false transfer_type=typeNotSet pasv_response_received=false rnfr_sent=false stor_sent=false login_successful=false rnfr_accepted=false 

========================================
[VIOLATION #4]
Timestamp: 1770305729
Event #12 in Session #0
========================================

[MONITOR] *** VIOLATION #4 *** (1 rule(s), event #12, session #0)
 - Rule #0: <unknown property>
Violation context [ftp]: auth_state=authNone reinit_sent=false quit_sent=false session_initialized=false resp_malformed=false timeout=false cmd_malformed=false user_logged_in=false login_failed=false data_connection_open=true rnto_sent=false transfer_started=true file_size=0 transfer_complete=false rest_position=0 transfer_in_progress=true sequence_number=12 port_sent=true port_number=0 resp_code=500 connection_closed=false data_state=dataActive ftp_status_class=scPermanentError retr_sent=false port_accepted=true ftp_command=cmdNotSet user_sent=false transfer_aborted=false pass_sent=false pasv_sent=false transfer_type=typeNotSet pasv_response_received=false rnfr_sent=false stor_sent=false login_successful=false rnfr_accepted=false 

========================================
[VIOLATION #5]
Timestamp: 1770305729
Event #14 in Session #0
========================================

[MONITOR] *** VIOLATION #5 *** (1 rule(s), event #14, session #0)
 - Rule #0: <unknown property>
Violation context [ftp]: auth_state=authNone reinit_sent=false quit_sent=false session_initialized=false resp_malformed=false timeout=false cmd_malformed=false user_logged_in=false login_failed=false data_connection_open=true rnto_sent=false transfer_started=true file_size=0 transfer_complete=false rest_position=0 transfer_in_progress=true sequence_number=14 port_sent=true port_number=0 resp_code=500 connection_closed=false data_state=dataActive ftp_status_class=scPermanentError retr_sent=false port_accepted=true ftp_command=cmdPWD user_sent=false transfer_aborted=false pass_sent=false pasv_sent=false transfer_type=typeNotSet pasv_response_received=false rnfr_sent=false stor_sent=false login_successful=false rnfr_accepted=false 

========================================
[VIOLATION #6]
Timestamp: 1770305729
Event #16 in Session #0
========================================

[MONITOR] *** VIOLATION #6 *** (1 rule(s), event #16, session #0)
 - Rule #0: <unknown property>
Violation context [ftp]: auth_state=authNone reinit_sent=false quit_sent=false session_initialized=false resp_malformed=false timeout=false cmd_malformed=false user_logged_in=false login_failed=false data_connection_open=true rnto_sent=false transfer_started=true file_size=0 transfer_complete=false rest_position=0 transfer_in_progress=true sequence_number=16 port_sent=true port_number=0 resp_code=257 connection_closed=false data_state=dataActive ftp_status_class=scSuccess retr_sent=false port_accepted=true ftp_command=cmdPORT user_sent=false transfer_aborted=false pass_sent=false pasv_sent=false transfer_type=typeNotSet pasv_response_received=false rnfr_sent=false stor_sent=false login_successful=false rnfr_accepted=false 

========================================
[VIOLATION #7]
Timestamp: 1770305729
Event #18 in Session #0
========================================

[MONITOR] *** VIOLATION #7 *** (2 rule(s), event #18, session #0)
 - Rule #0: <unknown property>
 - Rule #4: <unknown property>
Violation context [ftp]: auth_state=authNone reinit_sent=false quit_sent=false session_initialized=false resp_malformed=false timeout=false cmd_malformed=false user_logged_in=false login_failed=false data_connection_open=true rnto_sent=false transfer_started=true file_size=0 transfer_complete=false rest_position=0 transfer_in_progress=true sequence_number=18 port_sent=true port_number=0 resp_code=200 connection_closed=false data_state=dataActive ftp_status_class=scSuccess retr_sent=true port_accepted=true ftp_command=cmdRETR user_sent=false transfer_aborted=false pass_sent=false pasv_sent=false transfer_type=typeNotSet pasv_response_received=false rnfr_sent=false stor_sent=false login_successful=false rnfr_accepted=false 

========================================
[VIOLATION #8]
Timestamp: 1770305729
Event #20 in Session #0
========================================

[MONITOR] *** VIOLATION #8 *** (2 rule(s), event #20, session #0)
 - Rule #0: <unknown property>
 - Rule #4: <unknown property>
Violation context [ftp]: auth_state=authNone reinit_sent=false quit_sent=false session_initialized=false resp_malformed=false timeout=false cmd_malformed=false user_logged_in=false login_failed=false data_connection_open=true rnto_sent=false transfer_started=true file_size=0 transfer_complete=false rest_position=0 transfer_in_progress=true sequence_number=20 port_sent=true port_number=0 resp_code=200 connection_closed=false data_state=dataActive ftp_status_class=scSuccess retr_sent=true port_accepted=true ftp_command=cmdPORT user_sent=false transfer_aborted=false pass_sent=false pasv_sent=false transfer_type=typeNotSet pasv_response_received=false rnfr_sent=false stor_sent=false login_successful=false rnfr_accepted=false 
