
=== New Monitor Session at 1769895119 ===

========================================
[VIOLATION #1]
Timestamp: 1769895529
Event #14 in Session #4581
========================================

[MONITOR] *** VIOLATION #1 *** (1 rule(s), event #14, session #4581)
 - Rule #0: <unknown property>
Violation context [ftp]: msg_id=130084 auth_state=authFailed reinit_sent=false quit_sent=false session_initialized=true resp_malformed=false timeout=false cmd_malformed=false user_logged_in=false login_failed=true data_connection_open=false rnto_sent=false transfer_started=false file_size=0 transfer_complete=false rest_position=0 transfer_in_progress=false sequence_number=14 port_sent=false port_number=0 resp_code=222 connection_closed=true data_state=dataNotSet ftp_status_class=scSuccess retr_sent=false port_accepted=false ftp_command=cmdPASS trace=3232323232323232323232323232323250415353200a515549540d0a user_sent=true transfer_aborted=false pass_sent=true pasv_sent=false transfer_type=typeNotSet pasv_response_received=false dir=S2C rnfr_sent=false stor_sent=false login_successful=true rnfr_accepted=false 
Recent packet window (20):
  msg_id=130065 dir=S2C trace=35333020506c65617365206c6f67696e2077697468205553455220616e6420504153532e0d0a
  msg_id=130066 dir=S2C trace=35333020506c65617365206c6f67696e2077697468205553455220616e6420504153532e0d0a
  msg_id=130067 dir=S2C trace=32323120476f6f64627965210d0a
  msg_id=130068 dir=C2S trace=5553455220614c4953546e6f6e79616e6f6e79866f75680d0a
  msg_id=130069 dir=C2S trace=51415353000d0a
  msg_id=130070 dir=C2S trace=51574900648d0051554922007f1000dfff7f7c007fffffffe9534f5200020000812ce949eeff0080001000f9000200000d0a
  msg_id=130071 dir=S2C trace=323230204c69676874465450207365727665722076322e30612072656164790d0a
  msg_id=130072 dir=S2C trace=333331205573657220616e6f6e796d6f7573204f4b2e2050617373776f72642072657175697265640d0a
  msg_id=130073 dir=S2C trace=3233302055736572206c6f6767656420696e2c2070726f636565642e0d0a
  msg_id=130074 dir=S2C trace=32313520554e495820547970653a204c380d0a
  msg_id=130075 dir=S2C trace=3530312053796e746178206572726f7220696e20706172616d6574657273206f7220617267756d656e74732e0d0a
  msg_id=130076 dir=S2C trace=333331205573657220614c4953546e6f6e79616e6f6e79866f7568204f4b2e2050617373776f72642072657175697265640d0a
  msg_id=130077 dir=S2C trace=3530302053796e746178206572726f722c20636f6d6d616e6420756e7265636f676e697a65642e0d0a
  msg_id=130078 dir=S2C trace=3530302053796e746178206572726f722c20636f6d6d616e6420756e7265636f676e697a65642e0d0a
  msg_id=130079 dir=S2C trace=35333020506c65617365206c6f67696e2077697468205553455220616e6420504153532e0d0a
  msg_id=130080 dir=S2C trace=35333020506c65617365206c6f67696e2077697468205553455220616e6420504153532e0d0a
  msg_id=130081 dir=S2C trace=32323120476f6f64627965210d0a
  msg_id=130082 dir=C2S trace=5553455220616e730d0a
  msg_id=130083 dir=C2S trace=50415353207562756e74750d0a
  msg_id=130084 dir=S2C trace=3232323232323232323232323232323250415353200a515549540d0a

========================================
[VIOLATION #2]
Timestamp: 1769895529
Event #28 in Session #4581
========================================

[MONITOR] *** VIOLATION #2 *** (1 rule(s), event #28, session #4581)
 - Rule #0: <unknown property>
Violation context [ftp]: msg_id=130098 auth_state=authFailed reinit_sent=false quit_sent=true session_initialized=true resp_malformed=false timeout=false cmd_malformed=false user_logged_in=false login_failed=true data_connection_open=false rnto_sent=false transfer_started=false file_size=0 transfer_complete=false rest_position=0 transfer_in_progress=false sequence_number=28 port_sent=true port_number=0 resp_code=222 connection_closed=true data_state=dataPORT ftp_status_class=scSuccess retr_sent=false port_accepted=false ftp_command=cmdPASS trace=3232323232323232323232323232323250415353200a515549540d0a user_sent=true transfer_aborted=false pass_sent=true pasv_sent=false transfer_type=typeNotSet pasv_response_received=false dir=S2C rnfr_sent=false stor_sent=false login_successful=true rnfr_accepted=false 
Recent packet window (20):
  msg_id=130079 dir=S2C trace=35333020506c65617365206c6f67696e2077697468205553455220616e6420504153532e0d0a
  msg_id=130080 dir=S2C trace=35333020506c65617365206c6f67696e2077697468205553455220616e6420504153532e0d0a
  msg_id=130081 dir=S2C trace=32323120476f6f64627965210d0a
  msg_id=130082 dir=C2S trace=5553455220616e730d0a
  msg_id=130083 dir=C2S trace=50415353207562756e74750d0a
  msg_id=130084 dir=S2C trace=3232323232323232323232323232323250415353200a515549540d0a
  msg_id=130085 dir=C2S trace=5257fb0a4c5953540d0a
  msg_id=130086 dir=C2S trace=5057440d0a
  msg_id=130087 dir=C2S trace=4c4953540d0a
  msg_id=130088 dir=C2S trace=504f5254204155007f3132372cf2f2f2f2f2f2f2f2f2f253540d0a
  msg_id=130089 dir=C2S trace=2c3154203133372c302c302c312cf2f2f2f2f2f2f2f2f2f2303154212121212121400d09504f52302c302c3154203132372c302c302c312c3135322c3139330d0a
  msg_id=130090 dir=C2S trace=4c4953540d0a
  msg_id=130091 dir=C2S trace=504f5254204155007f3132372cf2f2f2f2f2f2f2f2f2f2f2302c80ffffff2121212121504f5254204155007f3132372c302c80ff3154212121212121400d09504f52302c30f83154203132372c302c302c312c3135322c3139330d0a
  msg_id=130092 dir=C2S trace=4c4953540d0a
  msg_id=130093 dir=C2S trace=515549540d0a
  msg_id=130094 dir=C2S trace=504f5254203132372c302c302c312c3135322c3139330d0a
  msg_id=130095 dir=C2S trace=5553455220616e896e796d6f75730d0a
  msg_id=130096 dir=C2S trace=515549ffff0a4971545220616e6f6e796d6f75730d0a
  msg_id=130097 dir=C2S trace=50415353207562756e74750d0a
  msg_id=130098 dir=S2C trace=3232323232323232323232323232323250415353200a515549540d0a

========================================
[VIOLATION #3]
Timestamp: 1769915096
Event #38 in Session #162915
========================================

[MONITOR] *** VIOLATION #3 *** (1 rule(s), event #38, session #162915)
 - Rule #0: <unknown property>
Violation context [ftp]: msg_id=10844224 auth_state=authFailed reinit_sent=false quit_sent=false session_initialized=true resp_malformed=false timeout=false cmd_malformed=false user_logged_in=false login_failed=true data_connection_open=false rnto_sent=false transfer_started=false file_size=0 transfer_complete=false rest_position=0 transfer_in_progress=false sequence_number=38 port_sent=false port_number=0 resp_code=222 connection_closed=true data_state=dataNotSet ftp_status_class=scSuccess retr_sent=false port_accepted=false ftp_command=cmdPASS trace=32323232323232323232323232323232323232323232323232323232323232323232323232323232323232323232323232323232323232323232323232323232323232323232323232323232323232323232323232323232323232323232323232323232323232323232323232323232323232323232323232323232323232323232323232323232323232323232323232323232323232323232323232323232323232323232323232323232323232323232323232323232323232323232323232323232323232323232323232323232323232323232323232323232323232323232323232323232323232323232323232323232323232323232323232323232 user_sent=false transfer_aborted=false pass_sent=true pasv_sent=false transfer_type=typeNotSet pasv_response_received=false dir=S2C rnfr_sent=false stor_sent=false login_successful=false rnfr_accepted=false 
Recent packet window (20):
  msg_id=10844205 dir=S2C trace=3530302053796e746178206572726f722c20636f6d6d616e6420756e7265636f676e697a65642e0d0a
  msg_id=10844206 dir=S2C trace=33333120557365722053455210616e6f6e796d647573204f4b2e2050617373776f72642072657175697265640d0a
  msg_id=10844207 dir=S2C trace=3530302053796e746178206572726f722c20636f6d6d616e6420756e7265636f676e697a65642e0d0a
  msg_id=10844208 dir=S2C trace=35333020506c65617365206c6f67696e2077697468205553455220616e6420504153532e0d0a
  msg_id=10844209 dir=S2C trace=35333020506c65617365206c6f67696e2077697468205553455220616e6420504153532e0d0a
  msg_id=10844210 dir=S2C trace=3530302053796e746178206572726f722c20636f6d6d616e6420756e7265636f676e697a65642e0d0a
  msg_id=10844211 dir=S2C trace=3530302053796e746178206572726f722c20636f6d6d616e6420756e7265636f676e697a65642e0d0a
  msg_id=10844212 dir=S2C trace=35333020506c65617365206c6f67696e2077697468205553455220616e6420504153532e0d0a
  msg_id=10844213 dir=S2C trace=3530302053796e746178206572726f722c20636f6d6d616e6420756e7265636f676e697a65642e0d0a
  msg_id=10844214 dir=S2C trace=3530302053796e746178206572726f722c20636f6d6d616e6420756e7265636f676e697a65642e0d0a
  msg_id=10844215 dir=S2C trace=3530302053796e746178206572726f722c20636f6d6d616e6420756e7265636f676e697a65642e0d0a
  msg_id=10844216 dir=S2C trace=3530302053796e746178206572726f722c20636f6d6d616e6420756e7265636f676e697a65642e0d0a
  msg_id=10844217 dir=S2C trace=35333020496e76616c69642075736572206e616d65206f722070617373776f72642e0d0a
  msg_id=10844218 dir=S2C trace=32313520554e495820547970653a204c380d0a
  msg_id=10844219 dir=S2C trace=35333020506c65617365206c6f67696e2077697468205553455220616e6420504153532e0d0a
  msg_id=10844220 dir=S2C trace=35333020506c65617365206c6f67696e2077697468205553455220616e6420504153532e0d0a
  msg_id=10844221 dir=S2C trace=35333020506c65617365206c6f67696e2077697468205553455220616e6420504153532e0d0a
  msg_id=10844222 dir=S2C trace=32323120476f6f64627965210d0a
  msg_id=10844223 dir=C2S trace=50415353207562756e74750d0a
  msg_id=10844224 dir=S2C trace=32323232323232323232323232323232323232323232323232323232323232323232323232323232323232323232323232323232323232323232323232323232323232323232323232323232323232323232323232323232323232323232323232323232323232323232323232323232323232323232323232323232323232323232323232323232323232323232323232323232323232323232323232323232323232323232323232323232323232323232323232323232323232323232323232323232323232323232323232323232323232323232323232323232323232323232323232323232323232323232323232323232323232323232323232323232

========================================
[VIOLATION #4]
Timestamp: 1769915096
Event #333 in Session #162915
========================================

[MONITOR] *** VIOLATION #4 *** (1 rule(s), event #333, session #162915)
 - Rule #0: <unknown property>
Violation context [ftp]: msg_id=10844519 auth_state=authFailed reinit_sent=false quit_sent=true session_initialized=true resp_malformed=false timeout=false cmd_malformed=false user_logged_in=false login_failed=true data_connection_open=false rnto_sent=false transfer_started=false file_size=0 transfer_complete=false rest_position=0 transfer_in_progress=false sequence_number=333 port_sent=true port_number=0 resp_code=222 connection_closed=true data_state=dataPORT ftp_status_class=scSuccess retr_sent=false port_accepted=false ftp_command=cmdPASS trace=32323232323232323232323232323232323232323232323232323232323232323232323232323232323232323232323232323232323232323232323232323232323232323232323232323232323232323232323232323232323232323232323232323232323232323232323232323232323232323232323232323232323232323232323232323232323232323232323232323232323232323232323232323232323232323232323232323232323232323232323232323232323232323232323232323232323232323232323232323232323232323232323232323232323232323232323232323232323232323232323232323232323232323232323232323232 user_sent=false transfer_aborted=false pass_sent=true pasv_sent=false transfer_type=typeNotSet pasv_response_received=false dir=S2C rnfr_sent=false stor_sent=false login_successful=false rnfr_accepted=false 
Recent packet window (20):
  msg_id=10844500 dir=C2S trace=4c4953540d0a
  msg_id=10844501 dir=C2S trace=515549540d0a
  msg_id=10844502 dir=C2S trace=0d0a41424f52647568756e74624e46527568756e8775680d0a
  msg_id=10844503 dir=C2S trace=535953540d0a
  msg_id=10844504 dir=C2S trace=7f000000020041555448db574452546f6e20616e6f6ed0ad40a0a0a0a0a0a0a0a0a0a0a0a091a0e6a0a0a0a0a092a0a0a0aaa0a0a0a0a0a0a0746275657475424f52750d52ff0064000d045041ffff45537476515549420d0a
  msg_id=10844505 dir=C2S trace=504f525420322c3101330d0a
  msg_id=10844506 dir=C2S trace=504f5201003150372c302530004550535600010035322c310132ef0a4c495354a0a0a0a691a0e6a0a0a0a0a0a0a0a0a00d0a
  msg_id=10844507 dir=C2S trace=535953540d0a
  msg_id=10844508 dir=C2S trace=7f000000020053495a454155544850574452546f6e20616e6f6ed0ad40a0a0a0a0a0a0a0a0a0a0a0a091a0e6a0a0a0a0a0a0a0a0a0aaa0a0a0a0a0a0a0746275657475424f52750d52ff0064000d045041ffff45537476515549420d0a
  msg_id=10844509 dir=C2S trace=504f525420322c3101b4b4b4b4b4b4b4b4b4b4b4b4b4b4b4b4b4b4b45600010035322c310132ef0a4c4953540d0a
  msg_id=10844510 dir=C2S trace=5041535320a0a0a0a00d0a
  msg_id=10844511 dir=C2S trace=535953540d0a
  msg_id=10844512 dir=C2S trace=7f000000020053495a4541555448372c302c302c4e4f4f50322c3139330d0a
  msg_id=10844513 dir=C2S trace=4c4953540d524e46520a515549540d0a
  msg_id=10844514 dir=C2S trace=41424f52647568756e74750d4a64756844454c450d0a
  msg_id=10844515 dir=C2S trace=50415353207562756e74750d0a
  msg_id=10844516 dir=C2S trace=4c4953540d0a
  msg_id=10844517 dir=C2S trace=515549540d0a
  msg_id=10844518 dir=C2S trace=50415353207562756e74750d0a
  msg_id=10844519 dir=S2C trace=32323232323232323232323232323232323232323232323232323232323232323232323232323232323232323232323232323232323232323232323232323232323232323232323232323232323232323232323232323232323232323232323232323232323232323232323232323232323232323232323232323232323232323232323232323232323232323232323232323232323232323232323232323232323232323232323232323232323232323232323232323232323232323232323232323232323232323232323232323232323232323232323232323232323232323232323232323232323232323232323232323232323232323232323232323232

========================================
[VIOLATION #5]
Timestamp: 1769971261
Event #28 in Session #556389
========================================

[MONITOR] *** VIOLATION #5 *** (1 rule(s), event #28, session #556389)
 - Rule #0: <unknown property>
Violation context [ftp]: msg_id=44995569 auth_state=authFailed reinit_sent=false quit_sent=true session_initialized=true resp_malformed=false timeout=false cmd_malformed=false user_logged_in=false login_failed=true data_connection_open=true rnto_sent=false transfer_started=true file_size=0 transfer_complete=false rest_position=0 transfer_in_progress=true sequence_number=28 port_sent=true port_number=0 resp_code=209 connection_closed=true data_state=dataActive ftp_status_class=scSuccess retr_sent=false port_accepted=false ftp_command=cmdPASS trace=3230390d575757575757575757574c5765575757575757115757575757573100314a322c321f390d0a user_sent=false transfer_aborted=false pass_sent=true pasv_sent=false transfer_type=typeNotSet pasv_response_received=false dir=S2C rnfr_sent=false stor_sent=false login_successful=true rnfr_accepted=false 
Recent packet window (20):
  msg_id=44995550 dir=S2C trace=333530205245535420737570706f727465642e20526561647920746f20726573756d652061742062797465206f66667365742020300d0a
  msg_id=44995551 dir=S2C trace=3530302053796e746178206572726f722c20636f6d6d616e6420756e7265636f676e697a65642e0d0a
  msg_id=44995552 dir=S2C trace=35333020496e76616c69642075736572206e616d65206f722070617373776f72642e0d0a
  msg_id=44995553 dir=S2C trace=3530302053796e746178206572726f722c20636f6d6d616e6420756e7265636f676e697a65642e0d0a
  msg_id=44995554 dir=S2C trace=3530302053796e746178206572726f722c20636f6d6d616e6420756e7265636f676e697a65642e0d0a
  msg_id=44995555 dir=S2C trace=3530302053796e746178206572726f722c20636f6d6d616e6420756e7265636f676e697a65642e0d0a
  msg_id=44995556 dir=S2C trace=3530302053796e746178206572726f722c20636f6d6d616e6420756e7265636f676e697a65642e0d0a
  msg_id=44995557 dir=S2C trace=3135302046696c6520737461747573206f6b61793b2061626f757420746f206f70656e206461746120636f6e6e656374696f6e2e0d0a
  msg_id=44995558 dir=S2C trace=3435312052657175657374656420616374696f6e2061626f727465642e204c6f63616c206572726f7220696e2070726f63657373696e672e0d0a
  msg_id=44995559 dir=S2C trace=32323120476f6f64627965210d0a
  msg_id=44995560 dir=C2S trace=50415353207562756e74750d0a
  msg_id=44995561 dir=C2S trace=4353455220616e6f6e796d6f75730d0a
  msg_id=44995562 dir=C2S trace=50415353207562756e74750d0a
  msg_id=44995563 dir=C2S trace=321f39363657415353207662756e74750df6515549420d314a442c3230390d575757575757575757574c5765575757575757115757575757573100314a322c321f390d0a
  msg_id=44995564 dir=C2S trace=5057445459504553605057033731328090306e4153563737373f3737375450524f3636575757033731323790305f4153562c302c3026310f314a322c321f390d0a
  msg_id=44995565 dir=C2S trace=50100053207662756e74750df6515549420d0e5057440d0a
  msg_id=44995566 dir=C2S trace=504f5254203132372c302c302c312c3135322c313933a90a4c4953540d0a
  msg_id=44995567 dir=C2S trace=515549540d0a
  msg_id=44995568 dir=C2S trace=50415353207562756e74750d0a
  msg_id=44995569 dir=S2C trace=3230390d575757575757575757574c5765575757575757115757575757573100314a322c321f390d0a
